{
  "RSpec": {
    "coverage": {
      "/Users/sherwinpanganiban/Desktop/Projects/Makers/week-5/makersbnb/spec/features/registrations/sign_up_spec.rb": {
        "lines": [
          1,
          1,
          1,
          1,
          1,
          null,
          null,
          null
        ]
      },
      "/Users/sherwinpanganiban/Desktop/Projects/Makers/week-5/makersbnb/spec/support/database_connection_spec.rb": {
        "lines": [
          1,
          null,
          1,
          1,
          1,
          1,
          1,
          null,
          null,
          1,
          1,
          1,
          null,
          null,
          null,
          1,
          1,
          1,
          1,
          null,
          null,
          null
        ]
      }
    },
    "timestamp": 1639417522
  }
}
